<?xml version="1.0" encoding="UTF-8"?>
<!-- Generated by org.testng.reporters.JUnitReportReporter -->
<testsuite hostname="DESKTOP-S2A2NB5" failures="0" tests="1" name="ormJobCategories.tests.AddJobCategoryTest" time="29.780" errors="0" timestamp="2024-03-19T17:46:12 IST" skipped="0">
  <testcase classname="ormJobCategories.tests.AddJobCategoryTest" name="testAddJobCategory" time="29.780"/>
</testsuite> <!-- ormJobCategories.tests.AddJobCategoryTest -->
