<?xml version="1.0" encoding="UTF-8"?>
<!-- Generated by org.testng.reporters.JUnitReportReporter -->
<testsuite hostname="DESKTOP-AMKNNRC" failures="0" tests="1" name="ormJobCategories.tests.EditJobCategoryTest" time="45.458" errors="0" timestamp="2024-03-08T12:49:14 IST" skipped="0">
  <testcase classname="ormJobCategories.tests.EditJobCategoryTest" name="testEditEmployee" time="45.458"/>
  <system-out/>
</testsuite> <!-- ormJobCategories.tests.EditJobCategoryTest -->
