<?xml version="1.0" encoding="UTF-8"?>
<!-- Generated by org.testng.reporters.JUnitReportReporter -->
<testsuite hostname="DESKTOP-S2A2NB5" failures="0" tests="1" name="ormJobCategories.tests.EditJobCategoryTest" time="45.091" errors="0" timestamp="2024-03-18T11:00:53 IST" skipped="0">
  <testcase classname="ormJobCategories.tests.EditJobCategoryTest" name="testEditJobCategory" time="45.091"/>
</testsuite> <!-- ormJobCategories.tests.EditJobCategoryTest -->
