<?xml version="1.0" encoding="UTF-8"?>
<!-- Generated by org.testng.reporters.JUnitReportReporter -->
<testsuite hostname="DESKTOP-AMKNNRC" failures="0" tests="1" name="ormJobCategories.tests.AddJobCategoryTest" time="33.527" errors="0" timestamp="2024-03-08T12:46:57 IST" skipped="0">
  <testcase classname="ormJobCategories.tests.AddJobCategoryTest" name="testAddNewEmployee" time="33.527"/>
  <system-out/>
</testsuite> <!-- ormJobCategories.tests.AddJobCategoryTest -->
