<?xml version="1.0" encoding="UTF-8"?>
<!-- Generated by org.testng.reporters.JUnitReportReporter -->
<testsuite hostname="DESKTOP-S2A2NB5" failures="0" tests="1" name="ormJobCategories.tests.DeleteJobCategory" time="22.398" errors="0" timestamp="2024-03-14T18:16:11 IST" skipped="0">
  <testcase classname="ormJobCategories.tests.DeleteJobCategory" name="testAddJobCategory" time="22.398"/>
</testsuite> <!-- ormJobCategories.tests.DeleteJobCategory -->
